OrderPlaced|BTC/USD|f2a66019-515d-4cd8-ae69-5c8b078ab1c8|2026-03-24T11:19:00.867074Z
OrderPlaced|ETH/USD|9830bee4-5507-423d-ab52-47d04850ca0f|2026-03-24T11:19:00.966988Z
OrderPlaced|BTC/USD|3164315e-7dad-41c4-8d46-939128c5c96b|2026-03-24T11:19:00.967071Z
OrderPlaced|BTC/USD|0473d1b0-8d56-418a-964a-fc7690eb7e8b|2026-03-24T11:19:00.967154Z
OrderPlaced|ETH/USD|29e2fc64-5c9b-4925-8379-101cdb304d76|2026-03-24T11:19:00.970303Z
OrderMatched|ETH/USD|aed255a9-72bd-47cb-ba96-91a6524fe6f5|2026-03-24T11:19:00.970274Z
OrderPlaced|ETH/USD|07af85ab-d147-42b8-94f9-621cfbb982f9|2026-03-24T11:19:00.971520Z
OrderPlaced|ETH/USD|3c2196b8-3c51-479b-9044-580cd02fff3a|2026-03-24T11:19:00.971558Z
OrderPlaced|ETH/USD|4449e9b8-4d7d-4928-920d-84cb644fe9c5|2026-03-24T11:19:00.971577Z
OrderPlaced|ETH/USD|ec1794d0-77ea-491b-8d36-23c745608c54|2026-03-24T11:19:00.971618Z
OrderPlaced|ETH/USD|4a073f50-3a76-4267-b421-242c7dfd3f1b|2026-03-24T11:19:00.971659Z
OrderMatched|ETH/USD|98a2cba6-0d21-4de5-b6f2-ed833a41cd42|2026-03-24T11:19:00.971647Z
OrderMatched|ETH/USD|1a464d6b-6385-4fec-9edc-7bf3b3d0ccf1|2026-03-24T11:19:00.971654Z
OrderPlaced|ETH/USD|f9a083b6-a1f5-4acf-a6ec-a48ac7f7c4de|2026-03-24T11:19:00.971723Z
OrderMatched|ETH/USD|91532ed1-5b08-40c5-8d54-54d7006d2196|2026-03-24T11:19:00.971717Z
OrderPlaced|BTC/USD|d6ba8a08-6983-487b-8d8a-f6c849924035|2026-03-24T11:19:01.071680Z
OrderPlaced|ETH/USD|732c62b2-c37b-4bb9-8673-1cd40156bad8|2026-03-24T11:19:01.071658Z
OrderMatched|BTC/USD|23d4fb09-a08f-44a6-8c56-631b65828a61|2026-03-24T11:19:01.071641Z
OrderPlaced|ETH/USD|97213d6b-7974-4bbd-9e61-f150fc4fca59|2026-03-24T11:19:01.071878Z
OrderPlaced|BTC/USD|0ce5ab24-5eec-4308-a0d0-e1d03410ae2f|2026-03-24T11:19:01.071881Z
OrderMatched|ETH/USD|abc472a0-1b79-4cae-988b-25695ee58b79|2026-03-24T11:19:01.071843Z
OrderMatched|ETH/USD|e123a1db-4b83-44ed-819a-adb3be69c813|2026-03-24T11:19:01.071862Z
OrderPlaced|BTC/USD|38885d09-8146-4b48-a910-15d361800eaf|2026-03-24T11:19:01.071985Z
OrderPlaced|ETH/USD|f70cd4e7-e6df-4f80-8a57-b23278b69c84|2026-03-24T11:19:01.071995Z
OrderMatched|BTC/USD|5ace820d-7294-4e5e-8c06-0908e988bfe3|2026-03-24T11:19:01.071948Z
OrderPlaced|ETH/USD|14e9d65a-b779-49f4-835f-a13a63b84290|2026-03-24T11:19:01.072042Z
OrderPlaced|ETH/USD|ad6a57b1-a742-4188-8e48-56ff07e31b92|2026-03-24T11:19:01.072091Z
OrderPlaced|BTC/USD|00b6e1db-4db2-4d73-9937-ec0ef008fe22|2026-03-24T11:19:01.073Z
OrderPlaced|BTC/USD|168e6bdd-2999-4055-8dde-6080ddd253b8|2026-03-24T11:19:01.073095Z
OrderPlaced|ETH/USD|63d04f1b-10d8-4844-93df-bf1913321c1c|2026-03-24T11:19:01.173741Z
OrderPlaced|BTC/USD|ecdf7b1e-cf0e-4047-a56e-c049322e81a5|2026-03-24T11:19:01.173792Z
OrderPlaced|ETH/USD|dcd6ca33-c934-48a3-a7c7-8ab28b8cfb6e|2026-03-24T11:19:01.173862Z
OrderMatched|ETH/USD|484a5f1c-d64c-4f28-bc70-3605e2aebc00|2026-03-24T11:19:01.173856Z
OrderPlaced|BTC/USD|bdcc3ad3-ce56-48c7-aacb-de79e09d91c7|2026-03-24T11:19:01.173892Z
OrderPlaced|BTC/USD|a0a32a16-79aa-47b7-9d12-e29d127e8053|2026-03-24T11:19:01.179361Z
OrderMatched|BTC/USD|1f49cf7c-6c2d-4022-93d0-286c9b78d14d|2026-03-24T11:19:01.179338Z
OrderPlaced|BTC/USD|83f29a0f-41ad-4f31-83d4-50c2fe55aa6c|2026-03-24T11:19:01.179476Z
OrderMatched|BTC/USD|23474cd9-fc69-4637-a7d0-7903d3195ef8|2026-03-24T11:19:01.179467Z
OrderMatched|BTC/USD|dc5e7314-a93a-417b-b069-744e7452f580|2026-03-24T11:19:01.179473Z
OrderPlaced|BTC/USD|b81f6c26-e692-4ee3-92d1-07cdb679e235|2026-03-24T11:19:01.179546Z
OrderPlaced|BTC/USD|fc84e9f3-2844-471a-8e2a-5e70680ba92d|2026-03-24T11:19:01.179988Z
OrderPlaced|BTC/USD|0807ae38-79bf-47c4-8215-fa2a0498de0d|2026-03-24T11:19:01.180016Z
OrderMatched|BTC/USD|49a198bc-decf-4f76-90d9-55ac7c55edcb|2026-03-24T11:19:01.180012Z
OrderPlaced|ETH/USD|94785770-a845-4995-a21a-be5440f498af|2026-03-24T11:19:01.180198Z
OrderMatched|ETH/USD|99fc1152-208b-4954-911b-90b509f0c4e3|2026-03-24T11:19:01.180192Z
OrderPlaced|ETH/USD|86c9cc19-364a-40a4-a08a-366d0761c3aa|2026-03-24T11:19:01.274482Z
OrderPlaced|ETH/USD|7c5ef944-ccd6-45cd-bf7e-5d7cb668f772|2026-03-24T11:19:01.274565Z
OrderPlaced|ETH/USD|2eada90f-10f3-457b-b258-3891aabdc51b|2026-03-24T11:19:01.274589Z
OrderPlaced|BTC/USD|58173fe3-31f7-44ce-b2f5-a600a59184cb|2026-03-24T11:19:01.274668Z
OrderPlaced|BTC/USD|4c22a151-2e73-4262-9e7a-62792fa241f8|2026-03-24T11:19:01.274733Z
OrderPlaced|BTC/USD|d297fc93-3a42-4d72-945f-d64b1e89f989|2026-03-24T11:19:01.274765Z
OrderMatched|BTC/USD|ccb1f7cd-2927-405a-978b-16e3f7e827c9|2026-03-24T11:19:01.274760Z
OrderPlaced|BTC/USD|6effd7d3-7cfa-4353-b322-a966056c8f1e|2026-03-24T11:19:01.274813Z
OrderMatched|BTC/USD|40b8b99c-c3e3-40a5-8a93-a7c3e9e3dd34|2026-03-24T11:19:01.274810Z
OrderPlaced|BTC/USD|f5f56111-6fb7-4a75-803a-9764c5c902f3|2026-03-24T11:19:01.274843Z
OrderPlaced|BTC/USD|d8694bf2-2e4f-46ec-85da-af0632bb9bbb|2026-03-24T11:19:01.274861Z
OrderPlaced|BTC/USD|d840beb3-dff0-4b33-b8ad-5a91cdecd400|2026-03-24T11:19:01.274882Z
OrderPlaced|ETH/USD|fc0c63d5-f4a6-40b3-a09a-56ad06d5e670|2026-03-24T11:19:01.375640Z
OrderPlaced|BTC/USD|500c25aa-309d-41b0-8b30-332e44b09c23|2026-03-24T11:19:01.375888Z
OrderMatched|BTC/USD|776a5406-5af1-4462-9184-29e43df6b85f|2026-03-24T11:19:01.375855Z
OrderMatched|BTC/USD|2166342c-e33d-4700-bf04-b1bae240aa84|2026-03-24T11:19:01.375873Z
OrderPlaced|ETH/USD|d27c6868-86e7-43a2-a04f-803043700980|2026-03-24T11:19:01.375918Z
OrderPlaced|ETH/USD|198cb48e-1df9-416e-a8de-17eb7f81e094|2026-03-24T11:19:01.375960Z
OrderPlaced|ETH/USD|cf6294bc-c07e-4619-bc2d-1711b1f853b6|2026-03-24T11:19:01.376024Z
OrderPlaced|ETH/USD|0c88a7f0-e497-4255-991a-f07d142ee5ac|2026-03-24T11:19:01.376052Z
OrderPlaced|ETH/USD|08343ece-ecc6-4451-bd84-1ad7d06bab56|2026-03-24T11:19:01.376128Z
OrderMatched|ETH/USD|9b927912-2e6b-4e00-adab-1c42d860e5e0|2026-03-24T11:19:01.376123Z
OrderPlaced|BTC/USD|003e2494-6a82-462d-b8fa-79324fccb483|2026-03-24T11:19:01.376156Z
OrderPlaced|BTC/USD|6ea20ced-b443-48bf-ae1d-70d068b05bfb|2026-03-24T11:19:01.376191Z
OrderMatched|BTC/USD|a0d9e934-0e78-46fa-943c-74c252abe262|2026-03-24T11:19:01.376185Z
OrderPlaced|BTC/USD|8b489874-2150-4fe6-8387-f6ee513a9641|2026-03-24T11:19:01.376228Z
OrderPlaced|ETH/USD|21b1a0f9-fa63-4b5d-9d89-3909245a7d43|2026-03-24T11:19:01.481562Z
OrderPlaced|BTC/USD|d4a835a3-3fac-41ef-9d03-c84596977f85|2026-03-24T11:19:01.481622Z
OrderMatched|BTC/USD|4201c764-fb5c-433d-b995-669189d16ccc|2026-03-24T11:19:01.481532Z
OrderPlaced|ETH/USD|79c4df0f-5135-44bc-bd0c-5454d5d67e64|2026-03-24T11:19:01.481726Z
OrderPlaced|BTC/USD|54da5a05-05d0-45c9-972c-b26e84461da4|2026-03-24T11:19:01.481844Z
OrderMatched|BTC/USD|5f1a1328-d303-47a5-ad2e-5fca623fbdb9|2026-03-24T11:19:01.481766Z
OrderMatched|BTC/USD|3fb63c3d-9083-41f5-a278-6529ecf50681|2026-03-24T11:19:01.481806Z
OrderPlaced|ETH/USD|7099d268-72a9-4193-a08b-7ae2494e642e|2026-03-24T11:19:01.481775Z
OrderMatched|ETH/USD|e14b76db-9e44-436a-aaee-ddc769c588a9|2026-03-24T11:19:01.481766Z
OrderPlaced|ETH/USD|caf5d8c0-b05d-4472-9860-b9f659541d4a|2026-03-24T11:19:01.481958Z
OrderPlaced|ETH/USD|b7f7c5f6-bb65-477e-9086-16780872f70e|2026-03-24T11:19:01.482018Z
OrderMatched|ETH/USD|118bdfe5-db94-4518-884d-6e2548e500f0|2026-03-24T11:19:01.482009Z
OrderMatched|ETH/USD|5a834026-2774-4a8f-8f34-6e3056376a10|2026-03-24T11:19:01.482014Z
OrderPlaced|ETH/USD|f00e4960-f66b-48b5-9b56-2254bfd277f4|2026-03-24T11:19:01.482082Z
OrderMatched|ETH/USD|c4ec627e-1f29-41d0-afa5-869bc530e272|2026-03-24T11:19:01.482076Z
OrderPlaced|BTC/USD|58e4e0d1-eba4-40d9-be12-367cc60bf3c2|2026-03-24T11:19:01.482295Z
OrderPlaced|BTC/USD|c42a784a-e589-4779-9292-cf00731dc90f|2026-03-24T11:19:01.482356Z
OrderMatched|BTC/USD|75dd3946-80a1-44fa-a989-ee7369d82a92|2026-03-24T11:19:01.482352Z
OrderPlaced|BTC/USD|5b5b1a2c-92e4-4452-b484-42304a88f1b9|2026-03-24T11:19:01.587036Z
OrderMatched|BTC/USD|b2e4f95c-5dc7-4cd9-9118-5b96ac8382d6|2026-03-24T11:19:01.587024Z
OrderMatched|BTC/USD|1d21615c-ab7a-4d55-9d7d-cb05d7b28ea1|2026-03-24T11:19:01.587032Z
OrderPlaced|BTC/USD|c0a55629-cbda-4119-b50a-2ef6fed4cbab|2026-03-24T11:19:01.587187Z
OrderPlaced|ETH/USD|5fe36256-f8ab-4738-bc91-197d2278ab52|2026-03-24T11:19:01.587180Z
OrderMatched|ETH/USD|aa2301ec-7e16-436d-88dd-ce9663782deb|2026-03-24T11:19:01.587173Z
OrderPlaced|BTC/USD|cb78ded7-f96d-4d29-bf72-9416eb2f3679|2026-03-24T11:19:01.587247Z
OrderMatched|BTC/USD|284c4f40-3645-45c5-86f7-22c430fa2ffd|2026-03-24T11:19:01.587233Z
OrderPlaced|ETH/USD|678d90cf-d7a2-478f-bca7-091a909390a6|2026-03-24T11:19:01.587255Z
OrderMatched|BTC/USD|f6a7525d-7590-42a4-913a-5edb3383acdc|2026-03-24T11:19:01.587240Z
OrderMatched|BTC/USD|7d378f17-a425-49de-939f-d513eb083fa5|2026-03-24T11:19:01.587243Z
OrderMatched|ETH/USD|fe741b0d-20fc-4183-a66f-8c801df7a964|2026-03-24T11:19:01.587238Z
OrderMatched|ETH/USD|d61ecb4e-39d6-4ef3-9960-6c733abbead3|2026-03-24T11:19:01.587251Z
OrderPlaced|ETH/USD|13b1f7c2-af44-4c14-a0c5-dd12d08f35a0|2026-03-24T11:19:01.587306Z
OrderPlaced|BTC/USD|b92ddf42-9d22-4799-b433-7f84289484c7|2026-03-24T11:19:01.587320Z
OrderMatched|BTC/USD|1883012a-d9d0-4808-80f0-9ee0ede8095e|2026-03-24T11:19:01.587316Z
OrderPlaced|ETH/USD|5ccbfcd4-e105-48bc-b236-7a293dc41e1e|2026-03-24T11:19:01.587338Z
OrderMatched|ETH/USD|50349a30-52fe-403d-b5ce-ed105a20c62a|2026-03-24T11:19:01.587331Z
OrderMatched|ETH/USD|1ced3c9b-6e43-4231-8f9d-cebc0dcea457|2026-03-24T11:19:01.587335Z
OrderPlaced|BTC/USD|6bd113bd-a1f9-41a1-8135-4fa749b9d307|2026-03-24T11:19:01.587352Z
OrderPlaced|ETH/USD|9ff073ee-a2af-4d9e-9ab6-e838023e0f53|2026-03-24T11:19:01.587391Z
OrderPlaced|ETH/USD|d44ab2cf-6247-4b62-9244-8c3df80c92b8|2026-03-24T11:19:01.692402Z
OrderPlaced|BTC/USD|289d8d49-2dc8-4cd8-9ac8-8873c4abcdd9|2026-03-24T11:19:01.692471Z
OrderMatched|BTC/USD|83fbf47f-a430-49eb-9d1b-ed41af745c8b|2026-03-24T11:19:01.692463Z
OrderPlaced|ETH/USD|5cccb990-fd86-43b2-915a-7c04bd3ec3d3|2026-03-24T11:19:01.692514Z
OrderMatched|ETH/USD|68bfa39d-a21a-469a-b60e-8e65346878ad|2026-03-24T11:19:01.692507Z
OrderPlaced|BTC/USD|2b2ad745-fba8-4ad4-be27-014ea9bd772a|2026-03-24T11:19:01.692549Z
OrderPlaced|BTC/USD|2d6bc3ba-b480-430c-b0a1-3009fafbaa4d|2026-03-24T11:19:01.692586Z
OrderPlaced|ETH/USD|3bf42751-4af9-496f-9bd3-dd57fa8da9c2|2026-03-24T11:19:01.692600Z
OrderMatched|ETH/USD|8c116f3e-3950-43b1-985a-ea1761a59c84|2026-03-24T11:19:01.692596Z
OrderPlaced|BTC/USD|b2771565-afa8-4876-a1ea-1348fc454eb0|2026-03-24T11:19:01.692628Z
OrderMatched|BTC/USD|5ff6e521-f2f2-4ec6-8a79-44c49d73c56f|2026-03-24T11:19:01.692616Z
OrderMatched|BTC/USD|be921355-9cf0-409e-9e28-f5707f888711|2026-03-24T11:19:01.692623Z
OrderPlaced|ETH/USD|584713f8-4bb3-4855-99ca-e94def16bc3e|2026-03-24T11:19:01.692666Z
OrderMatched|ETH/USD|3028d350-f607-41d3-a7f1-1b193cc20311|2026-03-24T11:19:01.692652Z
OrderMatched|ETH/USD|5f6690c4-a957-49e2-afe9-de7544630ec3|2026-03-24T11:19:01.692656Z
OrderMatched|ETH/USD|ea20b043-3c8f-4c68-a8e8-8b3ed5983cea|2026-03-24T11:19:01.692662Z
OrderPlaced|ETH/USD|68cba1a2-44eb-43a1-aaed-85c82a5465e9|2026-03-24T11:19:01.692738Z
OrderPlaced|ETH/USD|05a0928a-2772-4e63-b3c6-cdc358777d86|2026-03-24T11:19:01.692785Z
OrderPlaced|ETH/USD|00c1954b-ab44-4d4d-81f6-725a457a5c49|2026-03-24T11:19:01.797452Z
OrderPlaced|BTC/USD|68562f0b-30b1-4efc-ab7f-e1cc51c9103a|2026-03-24T11:19:01.797441Z
OrderPlaced|BTC/USD|eb9af5c8-9f15-4454-8471-1ee63cf1e167|2026-03-24T11:19:01.797616Z
OrderPlaced|ETH/USD|7d313ba4-b321-403b-babd-ed24efd21dac|2026-03-24T11:19:01.797665Z
OrderPlaced|BTC/USD|cb62faaf-3e10-4891-a216-0cecac529ee9|2026-03-24T11:19:01.797672Z
OrderMatched|ETH/USD|6c4b10d1-5788-4400-8459-674609ff530b|2026-03-24T11:19:01.797653Z
OrderPlaced|BTC/USD|ba5f41e4-ab3d-418a-b12b-11ce07875774|2026-03-24T11:19:01.797723Z
OrderPlaced|ETH/USD|3e42f044-dbca-4682-b10e-571b0174b83f|2026-03-24T11:19:01.797764Z
OrderPlaced|BTC/USD|312cd2d2-0dea-45de-8c3e-85344fd19631|2026-03-24T11:19:01.797755Z
OrderMatched|ETH/USD|e8689c78-539e-49ea-8076-a68716483e96|2026-03-24T11:19:01.797750Z
OrderMatched|ETH/USD|98ba3341-5067-4653-a1a3-ca70f88f6ad8|2026-03-24T11:19:01.797760Z
OrderPlaced|BTC/USD|bff7ab32-3dd6-4177-a5f3-3a8e26ee9f6a|2026-03-24T11:19:01.797842Z
OrderMatched|BTC/USD|0d64e733-fd3d-447c-aeca-7e8ec2bb0560|2026-03-24T11:19:01.797826Z
OrderMatched|BTC/USD|83c59397-9d9d-4049-bc68-36c15b98b4fc|2026-03-24T11:19:01.797835Z
OrderPlaced|BTC/USD|05958469-7577-4edc-9984-7fedd9717600|2026-03-24T11:19:01.797945Z
OrderMatched|BTC/USD|b7e5ccdb-2093-4eb7-9bb9-0577eb7d6790|2026-03-24T11:19:01.797940Z
OrderPlaced|ETH/USD|39cd4c5f-e88a-4ff4-ba7e-1cd75d4dc0cc|2026-03-24T11:19:01.904063Z
OrderPlaced|BTC/USD|4a240ab0-ddc4-433b-815f-3a6e51df0667|2026-03-24T11:19:01.903980Z
OrderPlaced|BTC/USD|19a80e07-0352-405c-9c48-786422cfbf68|2026-03-24T11:19:01.904494Z
OrderMatched|BTC/USD|05e3bd08-4741-48a7-b08b-971c2af8c138|2026-03-24T11:19:01.904458Z
OrderPlaced|ETH/USD|d4fbf6dc-adc6-4d5d-86b4-b63b5a8d6237|2026-03-24T11:19:01.904373Z
OrderMatched|ETH/USD|bdb7bd6b-d969-4171-bcce-4471f5e3dc65|2026-03-24T11:19:01.904313Z
OrderMatched|ETH/USD|edb3cb14-f000-4a03-bfd1-2c8491f96115|2026-03-24T11:19:01.904341Z
OrderMatched|ETH/USD|c1becd62-7e75-41be-bf57-3b7e177f4cb3|2026-03-24T11:19:01.904361Z
OrderPlaced|BTC/USD|99bfa3a3-8de8-4ea4-a12d-8d80cf55c9cc|2026-03-24T11:19:01.904858Z
OrderPlaced|BTC/USD|98063a6d-a8e8-44f7-9a16-86964ef56204|2026-03-24T11:19:01.904941Z
OrderPlaced|BTC/USD|b095d02f-c126-4de9-b2a9-e0e0c0859069|2026-03-24T11:19:01.905075Z
OrderMatched|BTC/USD|a7624797-fe83-4cbc-bef5-0e71d522f6a0|2026-03-24T11:19:01.905019Z
OrderMatched|BTC/USD|2a611b7a-9a72-4248-aaeb-0d7854c27853|2026-03-24T11:19:01.905055Z
OrderPlaced|BTC/USD|9a94a9b4-7536-41c0-b5e1-4655c071edc2|2026-03-24T11:19:01.905272Z
OrderPlaced|ETH/USD|78802aeb-063a-4eaf-bbbe-3d243b907c84|2026-03-24T11:19:01.905434Z
OrderPlaced|BTC/USD|b822db82-70a1-40e8-82e7-7f148d020c1e|2026-03-24T11:19:36.698670Z
OrderPlaced|BTC/USD|8ee77ccb-b43a-48d3-8e30-f16741fc234c|2026-03-24T11:19:36.801362Z
OrderPlaced|BTC/USD|8e18ee7b-3ae1-4f5b-96bb-591b0d8e9718|2026-03-24T11:19:36.801793Z
OrderPlaced|ETH/USD|b918d640-5f60-40d5-bc88-3e004b85e939|2026-03-24T11:19:36.802026Z
OrderPlaced|ETH/USD|756a8fd5-505e-4813-bb73-67b5e7479686|2026-03-24T11:19:36.804125Z
OrderPlaced|BTC/USD|b032822f-8511-421a-a87d-22f26882a08a|2026-03-24T11:19:36.804413Z
OrderMatched|BTC/USD|e79aa873-afb7-4a0e-b39c-294e36f610ef|2026-03-24T11:19:36.804347Z
OrderMatched|BTC/USD|b5999ece-7e66-439f-9a29-f2c6d7366d4a|2026-03-24T11:19:36.804383Z
OrderPlaced|ETH/USD|3d30af62-0b82-468a-9fda-05c5bfaf715a|2026-03-24T11:19:36.804982Z
OrderMatched|ETH/USD|d58335d8-a9a3-4a62-bceb-3f88c2610acd|2026-03-24T11:19:36.804956Z
OrderPlaced|ETH/USD|4c166389-d8e5-4c47-af3d-fee9063b3024|2026-03-24T11:19:36.805235Z
OrderPlaced|ETH/USD|6ec57bdf-53bf-43c1-b8a8-14d1a34b3cb7|2026-03-24T11:19:36.805281Z
OrderPlaced|ETH/USD|12a8a95e-687b-4bd9-9244-5e570b34521d|2026-03-24T11:19:36.805321Z
OrderPlaced|BTC/USD|05497170-b45e-4b5c-97b4-7c6b50de87f6|2026-03-24T11:19:36.805475Z
OrderPlaced|BTC/USD|e86defe6-78f1-4c2f-ab4f-b50e2dd5f3d9|2026-03-24T11:19:36.904749Z
OrderPlaced|ETH/USD|7e1b3aa9-3324-479a-8a42-02faeed2b9e4|2026-03-24T11:19:36.904733Z
OrderMatched|BTC/USD|86876707-dca9-4e9a-80d6-6be4bef392f5|2026-03-24T11:19:36.904732Z
OrderPlaced|ETH/USD|22d75ee2-e023-4f18-a782-09e6f75e45a7|2026-03-24T11:19:36.904841Z
OrderMatched|ETH/USD|3c22ef82-9c04-4b64-a166-161442ee79dc|2026-03-24T11:19:36.904808Z
OrderMatched|ETH/USD|6451a058-8501-4e39-a7b8-1141178e13ee|2026-03-24T11:19:36.904826Z
OrderPlaced|BTC/USD|bd4b3b1e-8e83-4570-bcf9-46aaf63ec7ab|2026-03-24T11:19:36.904884Z
OrderMatched|BTC/USD|261d16af-0460-406f-b92c-868523a3ae63|2026-03-24T11:19:36.904848Z
OrderMatched|BTC/USD|f5dbf01f-f901-4488-9a48-7062f20ef349|2026-03-24T11:19:36.904868Z
OrderPlaced|BTC/USD|0a3339fc-5da3-433b-a5ab-3e9949342440|2026-03-24T11:19:36.904950Z
OrderPlaced|BTC/USD|c46c9f1b-27f5-4b19-8d48-611cc2e258fc|2026-03-24T11:19:36.904998Z
OrderPlaced|BTC/USD|6ded5e5e-9be2-4338-9a83-777ac1ca46f7|2026-03-24T11:19:36.905035Z
OrderPlaced|BTC/USD|79b33101-9da2-4e3d-8017-9f3bfa229be3|2026-03-24T11:19:36.905068Z
OrderPlaced|BTC/USD|1d62164b-c714-430d-abb8-7763342c5554|2026-03-24T11:19:36.905134Z
OrderMatched|BTC/USD|fa624a11-dd94-4c3d-867a-798623588919|2026-03-24T11:19:36.905103Z
OrderMatched|BTC/USD|c6fd2a1d-dc5f-46db-97ec-f428e51e4b90|2026-03-24T11:19:36.905120Z
OrderPlaced|BTC/USD|78b98d28-3e49-44e1-8023-59672661f754|2026-03-24T11:19:36.905187Z
OrderPlaced|BTC/USD|cd6c3c02-183a-49b3-8f11-020c42d4aa70|2026-03-24T11:19:37.006685Z
OrderPlaced|ETH/USD|6542c6b8-8aa6-4248-b99d-a7a5069cef07|2026-03-24T11:19:37.006679Z
OrderMatched|ETH/USD|01252241-c3c5-4efb-82c7-926376e5857a|2026-03-24T11:19:37.006662Z
OrderPlaced|ETH/USD|1e99e74b-0c3f-4152-bffa-b48a58f1d70e|2026-03-24T11:19:37.009021Z
OrderPlaced|ETH/USD|820c6799-9da5-4c6a-9e77-275cb0af07e3|2026-03-24T11:19:37.009086Z
OrderMatched|ETH/USD|98be4b7f-e712-41da-b5bb-0fde07828646|2026-03-24T11:19:37.009062Z
OrderPlaced|ETH/USD|a4980135-f7c6-4755-8e0a-9a78831f9d85|2026-03-24T11:19:37.009141Z
OrderPlaced|ETH/USD|7fd24395-2039-46c8-a32a-d6ad392e88ea|2026-03-24T11:19:37.009175Z
OrderMatched|ETH/USD|856e654b-8fd1-41e0-bc41-d366a1a5fac5|2026-03-24T11:19:37.009171Z
OrderMatched|BTC/USD|3003a0af-690d-441f-a540-520764843802|2026-03-24T11:19:37.006673Z
OrderPlaced|BTC/USD|7f73c6da-b2de-43e1-8c4d-c129abc4f419|2026-03-24T11:19:37.010382Z
OrderPlaced|BTC/USD|dd9bcca2-4e81-478f-9832-8d5f9efff904|2026-03-24T11:19:37.010450Z
OrderPlaced|BTC/USD|bc48976e-dd14-49df-bc9f-afbaa4100ca5|2026-03-24T11:19:37.010505Z
OrderMatched|BTC/USD|49202f3a-4b66-4707-a3e5-06a49a473d5f|2026-03-24T11:19:37.010482Z
OrderPlaced|BTC/USD|e0bf43b6-e1d6-468f-a67d-071b0150149a|2026-03-24T11:19:37.010555Z
OrderPlaced|ETH/USD|fd3c636e-9d75-4f81-b478-dd51ea6c196b|2026-03-24T11:19:37.111588Z
OrderMatched|ETH/USD|1b7d1062-b880-4580-b48a-018edc7f16a9|2026-03-24T11:19:37.111563Z
OrderMatched|ETH/USD|6038b06e-3f0b-4b92-9a95-14a64c6fb36e|2026-03-24T11:19:37.111582Z
OrderPlaced|ETH/USD|55422c12-b65b-496a-8a31-fe7cc906a0d8|2026-03-24T11:19:37.111750Z
OrderPlaced|BTC/USD|a36dd0df-2034-4160-86de-bdcf07e06c91|2026-03-24T11:19:37.111734Z
OrderMatched|BTC/USD|1fc523d1-9d62-4f33-b042-f6c30143cc46|2026-03-24T11:19:37.111679Z
OrderMatched|BTC/USD|3b39e992-63c8-415b-868a-deb9a2b0b48b|2026-03-24T11:19:37.111707Z
OrderPlaced|ETH/USD|707b0654-268b-4a3d-9ccd-c2a079a2e8ea|2026-03-24T11:19:37.111794Z
OrderMatched|ETH/USD|705a50d6-b836-4f19-bd31-9f006e058edc|2026-03-24T11:19:37.111784Z
OrderPlaced|ETH/USD|bcbcb89c-e44e-4bad-b503-edf80964684e|2026-03-24T11:19:37.111849Z
OrderMatched|ETH/USD|2054f395-5811-4e8e-8a25-62940a1022cf|2026-03-24T11:19:37.111838Z
OrderPlaced|ETH/USD|00cce1c0-b689-4b29-abb9-f1c4e463960e|2026-03-24T11:19:37.111904Z
OrderPlaced|BTC/USD|2e3d127a-e9b7-4d13-b4bb-99e517b0c388|2026-03-24T11:19:37.111953Z
OrderPlaced|BTC/USD|66eeb5f4-aacf-4f08-bfad-b0a808a49c04|2026-03-24T11:19:37.112015Z
OrderPlaced|BTC/USD|f933a86c-9927-4d51-9c4f-452bd97337fd|2026-03-24T11:19:37.112036Z
OrderPlaced|BTC/USD|e53d5e51-e50e-4bf5-bc6a-ab154fcb1ef3|2026-03-24T11:19:37.112068Z
OrderPlaced|ETH/USD|eb0649b1-8129-4401-8985-158775783ba4|2026-03-24T11:19:37.216887Z
OrderPlaced|ETH/USD|159d72c7-a7c2-4cd4-8623-0e434d998032|2026-03-24T11:19:37.216986Z
OrderPlaced|ETH/USD|03d1e5c4-b973-4a8b-bc1e-9db950c16f99|2026-03-24T11:19:37.217024Z
OrderPlaced|ETH/USD|1c02b0af-a693-44ba-ab36-d48229b93821|2026-03-24T11:19:37.217065Z
OrderPlaced|ETH/USD|ddab1064-939b-40e1-8b4e-94c4ad23706f|2026-03-24T11:19:37.217094Z
OrderPlaced|ETH/USD|5f6cdc5d-5260-4ef3-b26b-39b859dc1cc7|2026-03-24T11:19:37.217123Z
OrderPlaced|ETH/USD|fb8a5b1d-7762-4c7c-93e6-44773039689a|2026-03-24T11:19:37.217148Z
OrderPlaced|BTC/USD|4a53cbab-b7c7-4624-8e91-2e9a0b64e399|2026-03-24T11:19:37.217022Z
OrderPlaced|BTC/USD|e10ab350-e881-4c39-9c27-2b6adeef9723|2026-03-24T11:19:37.217216Z
OrderPlaced|BTC/USD|538469c6-4f26-4d1c-9d6e-d3b2ef6c68fe|2026-03-24T11:19:37.217266Z
OrderMatched|BTC/USD|4390f791-1fc8-467a-a7e2-82cc4e05ba84|2026-03-24T11:19:37.217247Z
OrderMatched|BTC/USD|44372574-8276-4bdd-9e2d-8639e4572d6c|2026-03-24T11:19:37.217257Z
OrderPlaced|BTC/USD|175ed4e3-c40c-4914-b808-278423972be9|2026-03-24T11:19:37.322281Z
OrderPlaced|ETH/USD|0898526a-ddfb-4f57-aef1-dcf7f91b26fb|2026-03-24T11:19:37.322273Z
OrderPlaced|BTC/USD|60500dd7-aebd-4926-bbdc-83912581cb5e|2026-03-24T11:19:37.322380Z
OrderPlaced|ETH/USD|863c5a1e-2969-4c3f-b4f5-557e5bd4edb5|2026-03-24T11:19:37.322427Z
OrderPlaced|BTC/USD|0aa7af93-21c0-42cf-a139-d5e06afa76ae|2026-03-24T11:19:37.322433Z
OrderMatched|ETH/USD|b1f8c98e-6b84-42c7-a9aa-aa4cfffe4d3e|2026-03-24T11:19:37.322415Z
OrderMatched|BTC/USD|68309c03-d734-4c82-912a-29d9f1ff8722|2026-03-24T11:19:37.322423Z
OrderPlaced|ETH/USD|8a2e7f4f-482f-4009-89ab-7f498669fe37|2026-03-24T11:19:37.322519Z
OrderMatched|ETH/USD|f55af611-c719-4c81-8d59-4a35ace64ce5|2026-03-24T11:19:37.322503Z
OrderPlaced|BTC/USD|d2d9e6eb-816b-436f-829e-5f6462fe9fbe|2026-03-24T11:19:37.322514Z
OrderPlaced|ETH/USD|da260649-ae6d-4001-ab4d-c9ae2986d255|2026-03-24T11:19:37.322589Z
OrderMatched|ETH/USD|d8c056db-bb1a-4bdb-917d-3ab17b80da3d|2026-03-24T11:19:37.322585Z
OrderPlaced|ETH/USD|a51b5800-5f3a-4a21-ac78-193d588234d0|2026-03-24T11:19:37.322637Z
OrderPlaced|ETH/USD|569af49a-b825-484c-9a73-41870d87cf81|2026-03-24T11:19:37.322726Z
OrderMatched|ETH/USD|d49acb09-5c90-4af1-adb1-605ffa76ffa4|2026-03-24T11:19:37.322687Z
OrderMatched|ETH/USD|3261e39b-c8fc-4ef1-a031-8adbd3d02dda|2026-03-24T11:19:37.322697Z
OrderMatched|ETH/USD|b0e14d37-bf8c-4446-a62f-1ada5e4a817d|2026-03-24T11:19:37.322707Z
OrderMatched|ETH/USD|6c1eb890-8022-4232-a9e2-0af830b05c8c|2026-03-24T11:19:37.322712Z
OrderMatched|ETH/USD|49811dbb-4210-4b02-aee6-77733f67b8b0|2026-03-24T11:19:37.322719Z
OrderPlaced|ETH/USD|7398d58a-1f64-4f39-b06f-60e4357c62c1|2026-03-24T11:19:37.427628Z
OrderPlaced|BTC/USD|50bfdfa3-8fa5-4e48-8461-2e3b82c7681f|2026-03-24T11:19:37.427844Z
OrderMatched|BTC/USD|e6b98576-1982-4a23-8ed1-dbcc2f2aa964|2026-03-24T11:19:37.427800Z
OrderPlaced|ETH/USD|a9db92c6-878f-4a19-8f04-49259972a077|2026-03-24T11:19:37.427866Z
OrderMatched|BTC/USD|f2725435-245d-47bb-b691-122bc3a96695|2026-03-24T11:19:37.427824Z
OrderPlaced|ETH/USD|b08c9037-d574-425e-88d1-0ac6d75e89c9|2026-03-24T11:19:37.427978Z
OrderMatched|ETH/USD|b27183d5-6efc-4933-a513-d1c22980401f|2026-03-24T11:19:37.427948Z
OrderPlaced|BTC/USD|470392c5-9832-4cdb-ab02-79afcac6041a|2026-03-24T11:19:37.428027Z
OrderMatched|BTC/USD|961a7426-9c29-45b1-90dc-93bef4b3d4c9|2026-03-24T11:19:37.428007Z
OrderPlaced|ETH/USD|9fdf26fc-e977-4b3e-9a62-f7071b1ab928|2026-03-24T11:19:37.428148Z
OrderMatched|ETH/USD|e2b5d0ba-ee59-4d89-8061-b21115462278|2026-03-24T11:19:37.428096Z
OrderMatched|ETH/USD|d6b3b328-4054-49b1-8d3e-5772b5fc5f05|2026-03-24T11:19:37.428116Z
OrderMatched|ETH/USD|4092de34-2e67-41fd-811a-be751d24d2ed|2026-03-24T11:19:37.428132Z
OrderPlaced|BTC/USD|77a985d5-7eb6-4558-9c6f-130770591d11|2026-03-24T11:19:37.428136Z
OrderPlaced|ETH/USD|bd4ad562-7719-4856-8469-2e7f7f217769|2026-03-24T11:19:37.428288Z
OrderPlaced|ETH/USD|8a378627-043a-47b0-a059-729b0e824330|2026-03-24T11:19:37.428347Z
OrderPlaced|ETH/USD|e667a3ea-f543-4ea0-9328-ead55b98c725|2026-03-24T11:19:37.428438Z
OrderPlaced|ETH/USD|3ef1ac0e-8bff-44cb-ab6c-67aca8a8f61d|2026-03-24T11:19:37.534679Z
OrderMatched|ETH/USD|9a2dcf27-23c8-4e0c-aee1-c9696fc7c335|2026-03-24T11:19:37.534627Z
OrderPlaced|ETH/USD|44c1cbe3-d246-43ae-ac88-cb703d08c3d6|2026-03-24T11:19:37.535388Z
OrderPlaced|ETH/USD|ec244ac8-4907-450c-b615-376b4f6edf57|2026-03-24T11:19:37.535617Z
OrderMatched|ETH/USD|f6196b7b-75c3-46b3-b7ed-bcf9a8739158|2026-03-24T11:19:37.535579Z
OrderPlaced|ETH/USD|8b3aa1ae-5146-4d8d-a83f-40d784d38a17|2026-03-24T11:19:37.535807Z
OrderPlaced|ETH/USD|a79c2a63-4d92-4675-a350-9220d10134ca|2026-03-24T11:19:37.535958Z
OrderPlaced|ETH/USD|8f164c22-cc07-4319-b987-a4da958b5661|2026-03-24T11:19:37.536123Z
OrderMatched|ETH/USD|3185941b-034e-4c2b-8b0d-e66fdb8a284a|2026-03-24T11:19:37.536084Z
OrderPlaced|ETH/USD|ebf53977-b772-4ec9-9725-cb2fff739130|2026-03-24T11:19:37.536308Z
OrderPlaced|ETH/USD|22d5454c-7dd7-48e9-90e6-87fb5b122947|2026-03-24T11:19:37.536502Z
OrderMatched|ETH/USD|403fb678-72e0-499b-acf0-c829ba1add5e|2026-03-24T11:19:37.536416Z
OrderMatched|ETH/USD|e53b7e5a-8910-4645-8127-f2f1ab396cc2|2026-03-24T11:19:37.536459Z
OrderPlaced|ETH/USD|8f4273dd-87a7-4d3a-98c4-97f1eb2fe06f|2026-03-24T11:19:37.536686Z
OrderPlaced|BTC/USD|1e4d7249-ae43-4615-a0b7-173a0f036a80|2026-03-24T11:19:37.536862Z
OrderPlaced|BTC/USD|8104a4dc-ea49-49e7-933a-b7f859a0d61e|2026-03-24T11:19:37.639260Z
OrderMatched|BTC/USD|9a591f47-32f2-456e-9502-c4db46331678|2026-03-24T11:19:37.639237Z
OrderPlaced|BTC/USD|5bd42cb0-bd53-489b-8967-e1c782af93ee|2026-03-24T11:19:37.639567Z
OrderMatched|BTC/USD|347ae99b-c375-4acb-b11d-85746dd8d795|2026-03-24T11:19:37.639555Z
OrderPlaced|BTC/USD|7e07b8e8-7ec8-425e-9f9f-a19b18311b13|2026-03-24T11:19:37.639762Z
OrderMatched|BTC/USD|a875b939-cf12-4ff1-933a-2c6f589efef3|2026-03-24T11:19:37.639745Z
OrderPlaced|BTC/USD|1bfe4770-b825-4a3b-baca-d07f5cf3a5c4|2026-03-24T11:19:37.639847Z
OrderPlaced|BTC/USD|bbad7558-5453-4da3-8f2b-ac78667351d6|2026-03-24T11:19:37.639931Z
OrderMatched|BTC/USD|d5eb2392-e68b-4787-8245-b1e1c870b8f3|2026-03-24T11:19:37.639912Z
OrderPlaced|ETH/USD|e023baad-9c78-4e04-94ca-6ec3ef477ac3|2026-03-24T11:19:37.639604Z
OrderMatched|ETH/USD|b58977e4-1b90-4b35-8f74-5a41706bd878|2026-03-24T11:19:37.639540Z
OrderMatched|ETH/USD|bdd1ca64-b446-489d-993c-9d4b790a1edb|2026-03-24T11:19:37.639566Z
OrderPlaced|ETH/USD|ba539b02-e529-425e-a617-06d55399ca7e|2026-03-24T11:19:37.640280Z
OrderPlaced|ETH/USD|cc1ec25f-1abe-4c6f-8c0a-c100f9b13299|2026-03-24T11:19:37.640347Z
OrderPlaced|ETH/USD|df0b4a5f-6e95-43a7-81c2-37fc9f9d0a6b|2026-03-24T11:19:37.640438Z
OrderMatched|ETH/USD|0f6f0585-6415-4068-ab2f-541513e2b834|2026-03-24T11:19:37.640401Z
OrderMatched|ETH/USD|05157cfa-2fc8-4250-ab2c-f451606bc237|2026-03-24T11:19:37.640410Z
OrderPlaced|ETH/USD|e4606073-4ac4-45b0-ae75-213c521775ed|2026-03-24T11:19:37.640564Z
OrderMatched|ETH/USD|455ba0a9-f8c4-4123-987c-a53afed54c13|2026-03-24T11:19:37.640545Z
OrderPlaced|ETH/USD|f5262a4b-9734-4c4a-803c-59d2b0e0a74b|2026-03-24T11:19:37.745214Z
OrderPlaced|BTC/USD|7190b5f5-574f-41c4-9c39-f3494872f269|2026-03-24T11:19:37.745444Z
OrderMatched|BTC/USD|efd9bbbf-1e80-46fb-86a3-a02b1f488a46|2026-03-24T11:19:37.745365Z
OrderMatched|BTC/USD|d1c18fba-6b58-4306-b444-b4fcf434ea57|2026-03-24T11:19:37.745420Z
OrderPlaced|ETH/USD|ece064d4-4373-4606-8974-138bcf433f86|2026-03-24T11:19:37.745509Z
OrderPlaced|ETH/USD|0bc96ddb-8393-4a91-a41e-af11fcd14154|2026-03-24T11:19:37.745864Z
OrderMatched|ETH/USD|d662f6de-d693-4d27-adfc-658585350235|2026-03-24T11:19:37.745799Z
OrderMatched|ETH/USD|5d4c01ac-8b9b-4068-b44c-b84d2dc3b149|2026-03-24T11:19:37.745829Z
OrderPlaced|BTC/USD|39c05303-88bd-4089-83e8-a820a97a9575|2026-03-24T11:19:37.745896Z
OrderPlaced|BTC/USD|be66cc03-2084-40a5-b3e8-f16a1e639fc1|2026-03-24T11:19:37.746Z
OrderPlaced|ETH/USD|2d334861-5c2e-4140-8d54-d3909d8c7770|2026-03-24T11:19:37.746109Z
OrderMatched|ETH/USD|f730ae32-c222-4674-8354-6a4dee8dd10f|2026-03-24T11:19:37.746058Z
OrderMatched|ETH/USD|f6339167-fa38-464e-bc5b-2555419b7138|2026-03-24T11:19:37.746084Z
OrderPlaced|ETH/USD|9fd4c320-e488-4d36-b6a7-da94341af1d0|2026-03-24T11:19:37.746338Z
OrderMatched|ETH/USD|18a769cc-b367-4986-aa68-4eee893f75a3|2026-03-24T11:19:37.746298Z
OrderPlaced|ETH/USD|aaacee16-3d7f-41e1-8093-94cbaae3139f|2026-03-24T11:19:37.746589Z
OrderMatched|ETH/USD|2f7a935a-3141-473c-b7e0-ca7c31bea9ff|2026-03-24T11:19:37.746551Z
OrderMatched|ETH/USD|fdd47846-1d2a-4ae0-9c09-53d1fd5a2f39|2026-03-24T11:19:37.746578Z
